<?xml version="1.0" encoding="UTF-8"?>
<coverage generated="1772019373284" clover="3.2.0">
  <project timestamp="1772019373284" name="All files">
    <metrics statements="69" coveredstatements="69" conditionals="31" coveredconditionals="30" methods="15" coveredmethods="15" elements="115" coveredelements="114" complexity="0" loc="69" ncloc="69" packages="1" files="2" classes="2"/>
    <file name="linkedList.ts" path="/mnt/c/Users/Deric/Desktop/cc-7-deric/cc-7-deric/linkedList/linkedList.ts">
      <metrics statements="62" coveredstatements="62" conditionals="28" coveredconditionals="27" methods="11" coveredmethods="11"/>
      <line num="12" count="85" type="stmt"/>
      <line num="13" count="85" type="stmt"/>
      <line num="37" count="51" type="stmt"/>
      <line num="38" count="51" type="stmt"/>
      <line num="41" count="25" type="cond" truecount="2" falsecount="0"/>
      <line num="45" count="12" type="cond" truecount="2" falsecount="0"/>
      <line num="49" count="51" type="stmt"/>
      <line num="50" count="51" type="stmt"/>
      <line num="55" count="47" type="stmt"/>
      <line num="57" count="47" type="cond" truecount="2" falsecount="0"/>
      <line num="58" count="25" type="stmt"/>
      <line num="59" count="25" type="stmt"/>
      <line num="60" count="22" type="cond" truecount="1" falsecount="1"/>
      <line num="61" count="22" type="stmt"/>
      <line num="62" count="22" type="stmt"/>
      <line num="68" count="7" type="cond" truecount="2" falsecount="0"/>
      <line num="70" count="6" type="cond" truecount="2" falsecount="0"/>
      <line num="71" count="2" type="stmt"/>
      <line num="72" count="2" type="stmt"/>
      <line num="73" count="2" type="stmt"/>
      <line num="74" count="2" type="stmt"/>
      <line num="77" count="4" type="stmt"/>
      <line num="79" count="4" type="cond" truecount="2" falsecount="0"/>
      <line num="80" count="1" type="stmt"/>
      <line num="83" count="4" type="stmt"/>
      <line num="84" count="4" type="stmt"/>
      <line num="85" count="4" type="stmt"/>
      <line num="87" count="4" type="stmt"/>
      <line num="92" count="26" type="stmt"/>
      <line num="94" count="26" type="cond" truecount="2" falsecount="0"/>
      <line num="95" count="11" type="stmt"/>
      <line num="96" count="11" type="stmt"/>
      <line num="98" count="15" type="stmt"/>
      <line num="99" count="15" type="stmt"/>
      <line num="105" count="12" type="cond" truecount="2" falsecount="0"/>
      <line num="107" count="9" type="stmt"/>
      <line num="108" count="9" type="stmt"/>
      <line num="110" count="9" type="stmt"/>
      <line num="112" count="9" type="cond" truecount="2" falsecount="0"/>
      <line num="114" count="9" type="stmt"/>
      <line num="119" count="4" type="stmt"/>
      <line num="120" count="4" type="stmt"/>
      <line num="122" count="4" type="stmt"/>
      <line num="123" count="4" type="cond" truecount="2" falsecount="0"/>
      <line num="124" count="2" type="stmt"/>
      <line num="126" count="2" type="stmt"/>
      <line num="127" count="2" type="stmt"/>
      <line num="130" count="2" type="stmt"/>
      <line num="135" count="9" type="stmt"/>
      <line num="136" count="9" type="stmt"/>
      <line num="138" count="9" type="cond" truecount="2" falsecount="0"/>
      <line num="139" count="3" type="stmt"/>
      <line num="142" count="6" type="stmt"/>
      <line num="143" count="10" type="stmt"/>
      <line num="144" count="10" type="stmt"/>
      <line num="147" count="6" type="stmt"/>
      <line num="151" count="5" type="cond" truecount="4" falsecount="0"/>
      <line num="153" count="2" type="stmt"/>
      <line num="154" count="2" type="stmt"/>
      <line num="155" count="1" type="stmt"/>
      <line num="156" count="1" type="stmt"/>
      <line num="158" count="2" type="stmt"/>
    </file>
    <file name="stackImplement.ts" path="/mnt/c/Users/Deric/Desktop/cc-7-deric/cc-7-deric/linkedList/stackImplement.ts">
      <metrics statements="7" coveredstatements="7" conditionals="3" coveredconditionals="3" methods="4" coveredmethods="4"/>
      <line num="20" count="15" type="stmt"/>
      <line num="29" count="19" type="stmt"/>
      <line num="30" count="19" type="stmt"/>
      <line num="38" count="7" type="stmt"/>
      <line num="39" count="7" type="stmt"/>
      <line num="47" count="13" type="cond" truecount="2" falsecount="0"/>
      <line num="48" count="13" type="stmt"/>
    </file>
  </project>
</coverage>
