{"/mnt/c/Users/Deric/Desktop/cc-7-deric/cc-7-deric/linkedList/linkedList.ts": {"path":"/mnt/c/Users/Deric/Desktop/cc-7-deric/cc-7-deric/linkedList/linkedList.ts","statementMap":{"0":{"start":{"line":12,"column":8},"end":{"line":12,"column":null}},"1":{"start":{"line":13,"column":8},"end":{"line":13,"column":null}},"2":{"start":{"line":37,"column":32},"end":{"line":37,"column":null}},"3":{"start":{"line":38,"column":32},"end":{"line":38,"column":null}},"4":{"start":{"line":41,"column":8},"end":{"line":41,"column":null}},"5":{"start":{"line":45,"column":8},"end":{"line":45,"column":null}},"6":{"start":{"line":49,"column":8},"end":{"line":49,"column":null}},"7":{"start":{"line":50,"column":8},"end":{"line":50,"column":null}},"8":{"start":{"line":55,"column":19},"end":{"line":55,"column":null}},"9":{"start":{"line":57,"column":8},"end":{"line":63,"column":null}},"10":{"start":{"line":58,"column":12},"end":{"line":58,"column":31}},"11":{"start":{"line":58,"column":31},"end":{"line":58,"column":null}},"12":{"start":{"line":59,"column":12},"end":{"line":59,"column":31}},"13":{"start":{"line":59,"column":31},"end":{"line":59,"column":null}},"14":{"start":{"line":60,"column":8},"end":{"line":63,"column":null}},"15":{"start":{"line":61,"column":12},"end":{"line":61,"column":null}},"16":{"start":{"line":62,"column":12},"end":{"line":62,"column":null}},"17":{"start":{"line":68,"column":8},"end":{"line":68,"column":null}},"18":{"start":{"line":68,"column":32},"end":{"line":68,"column":null}},"19":{"start":{"line":70,"column":8},"end":{"line":75,"column":null}},"20":{"start":{"line":71,"column":24},"end":{"line":71,"column":null}},"21":{"start":{"line":72,"column":12},"end":{"line":72,"column":null}},"22":{"start":{"line":73,"column":12},"end":{"line":73,"column":null}},"23":{"start":{"line":74,"column":12},"end":{"line":74,"column":null}},"24":{"start":{"line":77,"column":19},"end":{"line":77,"column":null}},"25":{"start":{"line":79,"column":8},"end":{"line":81,"column":null}},"26":{"start":{"line":80,"column":12},"end":{"line":80,"column":null}},"27":{"start":{"line":83,"column":22},"end":{"line":83,"column":null}},"28":{"start":{"line":84,"column":8},"end":{"line":84,"column":null}},"29":{"start":{"line":85,"column":8},"end":{"line":85,"column":null}},"30":{"start":{"line":87,"column":8},"end":{"line":87,"column":null}},"31":{"start":{"line":92,"column":19},"end":{"line":92,"column":null}},"32":{"start":{"line":94,"column":8},"end":{"line":100,"column":null}},"33":{"start":{"line":95,"column":12},"end":{"line":95,"column":null}},"34":{"start":{"line":96,"column":12},"end":{"line":96,"column":null}},"35":{"start":{"line":98,"column":12},"end":{"line":98,"column":null}},"36":{"start":{"line":99,"column":12},"end":{"line":99,"column":null}},"37":{"start":{"line":105,"column":8},"end":{"line":105,"column":null}},"38":{"start":{"line":105,"column":34},"end":{"line":105,"column":46}},"39":{"start":{"line":107,"column":21},"end":{"line":107,"column":null}},"40":{"start":{"line":108,"column":8},"end":{"line":108,"column":null}},"41":{"start":{"line":110,"column":18},"end":{"line":110,"column":null}},"42":{"start":{"line":112,"column":8},"end":{"line":112,"column":null}},"43":{"start":{"line":112,"column":34},"end":{"line":112,"column":52}},"44":{"start":{"line":114,"column":8},"end":{"line":114,"column":null}},"45":{"start":{"line":119,"column":20},"end":{"line":119,"column":null}},"46":{"start":{"line":120,"column":19},"end":{"line":120,"column":null}},"47":{"start":{"line":122,"column":8},"end":{"line":128,"column":null}},"48":{"start":{"line":123,"column":12},"end":{"line":125,"column":null}},"49":{"start":{"line":124,"column":16},"end":{"line":124,"column":null}},"50":{"start":{"line":126,"column":12},"end":{"line":126,"column":null}},"51":{"start":{"line":127,"column":12},"end":{"line":127,"column":null}},"52":{"start":{"line":130,"column":8},"end":{"line":130,"column":null}},"53":{"start":{"line":135,"column":18},"end":{"line":135,"column":null}},"54":{"start":{"line":136,"column":19},"end":{"line":136,"column":null}},"55":{"start":{"line":138,"column":8},"end":{"line":140,"column":null}},"56":{"start":{"line":139,"column":12},"end":{"line":139,"column":null}},"57":{"start":{"line":142,"column":8},"end":{"line":145,"column":null}},"58":{"start":{"line":143,"column":12},"end":{"line":143,"column":null}},"59":{"start":{"line":144,"column":12},"end":{"line":144,"column":null}},"60":{"start":{"line":147,"column":8},"end":{"line":147,"column":null}},"61":{"start":{"line":151,"column":8},"end":{"line":151,"column":null}},"62":{"start":{"line":151,"column":48},"end":{"line":151,"column":null}},"63":{"start":{"line":153,"column":25},"end":{"line":153,"column":28}},"64":{"start":{"line":153,"column":35},"end":{"line":153,"column":null}},"65":{"start":{"line":154,"column":8},"end":{"line":157,"column":null}},"66":{"start":{"line":155,"column":12},"end":{"line":155,"column":null}},"67":{"start":{"line":156,"column":12},"end":{"line":156,"column":null}},"68":{"start":{"line":158,"column":8},"end":{"line":158,"column":null}}},"fnMap":{"0":{"name":"(anonymous_0)","decl":{"start":{"line":11,"column":4},"end":{"line":11,"column":16}},"loc":{"start":{"line":11,"column":49},"end":{"line":14,"column":null}},"line":11},"1":{"name":"(anonymous_1)","decl":{"start":{"line":40,"column":4},"end":{"line":40,"column":28}},"loc":{"start":{"line":40,"column":28},"end":{"line":42,"column":null}},"line":40},"2":{"name":"(anonymous_2)","decl":{"start":{"line":44,"column":4},"end":{"line":44,"column":28}},"loc":{"start":{"line":44,"column":28},"end":{"line":46,"column":null}},"line":44},"3":{"name":"(anonymous_3)","decl":{"start":{"line":48,"column":4},"end":{"line":48,"column":18}},"loc":{"start":{"line":48,"column":18},"end":{"line":51,"column":null}},"line":48},"4":{"name":"(anonymous_4)","decl":{"start":{"line":54,"column":4},"end":{"line":54,"column":13}},"loc":{"start":{"line":54,"column":18},"end":{"line":64,"column":null}},"line":54},"5":{"name":"(anonymous_5)","decl":{"start":{"line":67,"column":4},"end":{"line":67,"column":20}},"loc":{"start":{"line":67,"column":20},"end":{"line":88,"column":null}},"line":67},"6":{"name":"(anonymous_6)","decl":{"start":{"line":91,"column":4},"end":{"line":91,"column":14}},"loc":{"start":{"line":91,"column":20},"end":{"line":101,"column":null}},"line":91},"7":{"name":"(anonymous_7)","decl":{"start":{"line":104,"column":4},"end":{"line":104,"column":21}},"loc":{"start":{"line":104,"column":21},"end":{"line":115,"column":null}},"line":104},"8":{"name":"(anonymous_8)","decl":{"start":{"line":118,"column":4},"end":{"line":118,"column":14}},"loc":{"start":{"line":118,"column":20},"end":{"line":131,"column":null}},"line":118},"9":{"name":"(anonymous_9)","decl":{"start":{"line":134,"column":4},"end":{"line":134,"column":13}},"loc":{"start":{"line":134,"column":13},"end":{"line":148,"column":null}},"line":134},"10":{"name":"(anonymous_10)","decl":{"start":{"line":150,"column":4},"end":{"line":150,"column":17}},"loc":{"start":{"line":150,"column":32},"end":{"line":159,"column":null}},"line":150}},"branchMap":{"0":{"loc":{"start":{"line":41,"column":15},"end":{"line":41,"column":null}},"type":"cond-expr","locations":[{"start":{"line":41,"column":28},"end":{"line":41,"column":46}},{"start":{"line":41,"column":46},"end":{"line":41,"column":null}}],"line":41},"1":{"loc":{"start":{"line":45,"column":15},"end":{"line":45,"column":null}},"type":"cond-expr","locations":[{"start":{"line":45,"column":28},"end":{"line":45,"column":46}},{"start":{"line":45,"column":46},"end":{"line":45,"column":null}}],"line":45},"2":{"loc":{"start":{"line":57,"column":8},"end":{"line":63,"column":null}},"type":"if","locations":[{"start":{"line":57,"column":8},"end":{"line":63,"column":null}},{"start":{"line":60,"column":8},"end":{"line":63,"column":null}}],"line":57},"3":{"loc":{"start":{"line":60,"column":8},"end":{"line":63,"column":null}},"type":"if","locations":[{"start":{"line":60,"column":8},"end":{"line":63,"column":null}},{"start":{},"end":{}}],"line":60},"4":{"loc":{"start":{"line":68,"column":8},"end":{"line":68,"column":null}},"type":"if","locations":[{"start":{"line":68,"column":8},"end":{"line":68,"column":null}},{"start":{},"end":{}}],"line":68},"5":{"loc":{"start":{"line":70,"column":8},"end":{"line":75,"column":null}},"type":"if","locations":[{"start":{"line":70,"column":8},"end":{"line":75,"column":null}},{"start":{},"end":{}}],"line":70},"6":{"loc":{"start":{"line":79,"column":14},"end":{"line":79,"column":54}},"type":"binary-expr","locations":[{"start":{"line":79,"column":14},"end":{"line":79,"column":28}},{"start":{"line":79,"column":28},"end":{"line":79,"column":54}}],"line":79},"7":{"loc":{"start":{"line":94,"column":8},"end":{"line":100,"column":null}},"type":"if","locations":[{"start":{"line":94,"column":8},"end":{"line":100,"column":null}},{"start":{"line":97,"column":15},"end":{"line":100,"column":null}}],"line":94},"8":{"loc":{"start":{"line":105,"column":8},"end":{"line":105,"column":null}},"type":"if","locations":[{"start":{"line":105,"column":8},"end":{"line":105,"column":null}},{"start":{},"end":{}}],"line":105},"9":{"loc":{"start":{"line":112,"column":8},"end":{"line":112,"column":null}},"type":"if","locations":[{"start":{"line":112,"column":8},"end":{"line":112,"column":null}},{"start":{},"end":{}}],"line":112},"10":{"loc":{"start":{"line":123,"column":12},"end":{"line":125,"column":null}},"type":"if","locations":[{"start":{"line":123,"column":12},"end":{"line":125,"column":null}},{"start":{},"end":{}}],"line":123},"11":{"loc":{"start":{"line":138,"column":8},"end":{"line":140,"column":null}},"type":"if","locations":[{"start":{"line":138,"column":8},"end":{"line":140,"column":null}},{"start":{},"end":{}}],"line":138},"12":{"loc":{"start":{"line":151,"column":8},"end":{"line":151,"column":null}},"type":"if","locations":[{"start":{"line":151,"column":8},"end":{"line":151,"column":null}},{"start":{},"end":{}}],"line":151},"13":{"loc":{"start":{"line":151,"column":11},"end":{"line":151,"column":48}},"type":"binary-expr","locations":[{"start":{"line":151,"column":11},"end":{"line":151,"column":37}},{"start":{"line":151,"column":37},"end":{"line":151,"column":48}}],"line":151}},"s":{"0":85,"1":85,"2":51,"3":51,"4":25,"5":12,"6":51,"7":51,"8":47,"9":47,"10":25,"11":25,"12":25,"13":25,"14":22,"15":22,"16":22,"17":7,"18":1,"19":6,"20":2,"21":2,"22":2,"23":2,"24":4,"25":4,"26":1,"27":4,"28":4,"29":4,"30":4,"31":26,"32":26,"33":11,"34":11,"35":15,"36":15,"37":12,"38":3,"39":9,"40":9,"41":9,"42":9,"43":3,"44":9,"45":4,"46":4,"47":4,"48":4,"49":2,"50":2,"51":2,"52":2,"53":9,"54":9,"55":9,"56":3,"57":6,"58":10,"59":10,"60":6,"61":5,"62":3,"63":2,"64":2,"65":2,"66":1,"67":1,"68":2},"f":{"0":85,"1":25,"2":12,"3":51,"4":47,"5":7,"6":26,"7":12,"8":4,"9":9,"10":5},"b":{"0":[18,7],"1":[8,4],"2":[25,22],"3":[22,0],"4":[1,6],"5":[2,4],"6":[4,5],"7":[11,15],"8":[3,9],"9":[3,6],"10":[2,2],"11":[3,6],"12":[3,2],"13":[5,3]},"meta":{"lastBranch":14,"lastFunction":11,"lastStatement":69,"seen":{"f:11:4:11:16":0,"s:12:8:12:Infinity":0,"s:13:8:13:Infinity":1,"s:37:32:37:Infinity":2,"s:38:32:38:Infinity":3,"f:40:4:40:28":1,"s:41:8:41:Infinity":4,"b:41:28:41:46:41:46:41:Infinity":0,"f:44:4:44:28":2,"s:45:8:45:Infinity":5,"b:45:28:45:46:45:46:45:Infinity":1,"f:48:4:48:18":3,"s:49:8:49:Infinity":6,"s:50:8:50:Infinity":7,"f:54:4:54:13":4,"s:55:19:55:Infinity":8,"b:57:8:63:Infinity:60:8:63:Infinity":2,"s:57:8:63:Infinity":9,"s:58:12:58:31":10,"s:58:31:58:Infinity":11,"s:59:12:59:31":12,"s:59:31:59:Infinity":13,"b:60:8:63:Infinity:undefined:undefined:undefined:undefined":3,"s:60:8:63:Infinity":14,"s:61:12:61:Infinity":15,"s:62:12:62:Infinity":16,"f:67:4:67:20":5,"b:68:8:68:Infinity:undefined:undefined:undefined:undefined":4,"s:68:8:68:Infinity":17,"s:68:32:68:Infinity":18,"b:70:8:75:Infinity:undefined:undefined:undefined:undefined":5,"s:70:8:75:Infinity":19,"s:71:24:71:Infinity":20,"s:72:12:72:Infinity":21,"s:73:12:73:Infinity":22,"s:74:12:74:Infinity":23,"s:77:19:77:Infinity":24,"s:79:8:81:Infinity":25,"b:79:14:79:28:79:28:79:54":6,"s:80:12:80:Infinity":26,"s:83:22:83:Infinity":27,"s:84:8:84:Infinity":28,"s:85:8:85:Infinity":29,"s:87:8:87:Infinity":30,"f:91:4:91:14":6,"s:92:19:92:Infinity":31,"b:94:8:100:Infinity:97:15:100:Infinity":7,"s:94:8:100:Infinity":32,"s:95:12:95:Infinity":33,"s:96:12:96:Infinity":34,"s:98:12:98:Infinity":35,"s:99:12:99:Infinity":36,"f:104:4:104:21":7,"b:105:8:105:Infinity:undefined:undefined:undefined:undefined":8,"s:105:8:105:Infinity":37,"s:105:34:105:46":38,"s:107:21:107:Infinity":39,"s:108:8:108:Infinity":40,"s:110:18:110:Infinity":41,"b:112:8:112:Infinity:undefined:undefined:undefined:undefined":9,"s:112:8:112:Infinity":42,"s:112:34:112:52":43,"s:114:8:114:Infinity":44,"f:118:4:118:14":8,"s:119:20:119:Infinity":45,"s:120:19:120:Infinity":46,"s:122:8:128:Infinity":47,"b:123:12:125:Infinity:undefined:undefined:undefined:undefined":10,"s:123:12:125:Infinity":48,"s:124:16:124:Infinity":49,"s:126:12:126:Infinity":50,"s:127:12:127:Infinity":51,"s:130:8:130:Infinity":52,"f:134:4:134:13":9,"s:135:18:135:Infinity":53,"s:136:19:136:Infinity":54,"b:138:8:140:Infinity:undefined:undefined:undefined:undefined":11,"s:138:8:140:Infinity":55,"s:139:12:139:Infinity":56,"s:142:8:145:Infinity":57,"s:143:12:143:Infinity":58,"s:144:12:144:Infinity":59,"s:147:8:147:Infinity":60,"f:150:4:150:17":10,"b:151:8:151:Infinity:undefined:undefined:undefined:undefined":12,"s:151:8:151:Infinity":61,"b:151:11:151:37:151:37:151:48":13,"s:151:48:151:Infinity":62,"s:153:25:153:28":63,"s:153:35:153:Infinity":64,"s:154:8:157:Infinity":65,"s:155:12:155:Infinity":66,"s:156:12:156:Infinity":67,"s:158:8:158:Infinity":68}}}
,"/mnt/c/Users/Deric/Desktop/cc-7-deric/cc-7-deric/linkedList/stackImplement.ts": {"path":"/mnt/c/Users/Deric/Desktop/cc-7-deric/cc-7-deric/linkedList/stackImplement.ts","statementMap":{"0":{"start":{"line":20,"column":4},"end":{"line":20,"column":null}},"1":{"start":{"line":29,"column":4},"end":{"line":29,"column":null}},"2":{"start":{"line":30,"column":4},"end":{"line":30,"column":null}},"3":{"start":{"line":38,"column":22},"end":{"line":38,"column":null}},"4":{"start":{"line":39,"column":4},"end":{"line":39,"column":null}},"5":{"start":{"line":47,"column":29},"end":{"line":47,"column":null}},"6":{"start":{"line":48,"column":4},"end":{"line":48,"column":null}}},"fnMap":{"0":{"name":"(anonymous_0)","decl":{"start":{"line":19,"column":2},"end":{"line":19,"column":14}},"loc":{"start":{"line":19,"column":60},"end":{"line":21,"column":null}},"line":19},"1":{"name":"(anonymous_1)","decl":{"start":{"line":28,"column":2},"end":{"line":28,"column":7}},"loc":{"start":{"line":28,"column":19},"end":{"line":31,"column":null}},"line":28},"2":{"name":"(anonymous_2)","decl":{"start":{"line":37,"column":2},"end":{"line":37,"column":18}},"loc":{"start":{"line":37,"column":18},"end":{"line":40,"column":null}},"line":37},"3":{"name":"(anonymous_3)","decl":{"start":{"line":46,"column":2},"end":{"line":46,"column":18}},"loc":{"start":{"line":46,"column":18},"end":{"line":49,"column":null}},"line":46}},"branchMap":{"0":{"loc":{"start":{"line":19,"column":14},"end":{"line":19,"column":60}},"type":"default-arg","locations":[{"start":{"line":19,"column":39},"end":{"line":19,"column":60}}],"line":19},"1":{"loc":{"start":{"line":47,"column":29},"end":{"line":47,"column":null}},"type":"binary-expr","locations":[{"start":{"line":47,"column":29},"end":{"line":47,"column":60}},{"start":{"line":47,"column":60},"end":{"line":47,"column":null}}],"line":47}},"s":{"0":15,"1":19,"2":19,"3":7,"4":7,"5":13,"6":13},"f":{"0":15,"1":19,"2":7,"3":13},"b":{"0":[15],"1":[13,3]},"meta":{"lastBranch":2,"lastFunction":4,"lastStatement":7,"seen":{"f:19:2:19:14":0,"b:19:39:19:60":0,"s:20:4:20:Infinity":0,"f:28:2:28:7":1,"s:29:4:29:Infinity":1,"s:30:4:30:Infinity":2,"f:37:2:37:18":2,"s:38:22:38:Infinity":3,"s:39:4:39:Infinity":4,"f:46:2:46:18":3,"s:47:29:47:Infinity":5,"b:47:29:47:60:47:60:47:Infinity":1,"s:48:4:48:Infinity":6}}}
}
